# JRE version: OpenJDK Runtime Environment (24.0.1+9) (build 24.0.1+9-30)
# Java VM: OpenJDK 64-Bit Server VM (24.0.1+9-30, mixed mode, sharing, tiered, compressed oops, compressed class ptrs, g1 gc, linux-amd64)
GC Precious Log:
 CardTable entry size: 512
 Card Set container configuration: InlinePtr #cards 4 size 8 Array Of Cards #cards 32 size 80 Howl #buckets 8 coarsen threshold 7372 Howl Bitmap #cards 1024 size 144 coarsen threshold 921 Card regions per heap region 1 cards per card region 8192
 CPUs: 16 total, 16 available
 Memory: 32016M
 Large Page Support: Disabled
 NUMA Support: Disabled
 Compressed Oops: Enabled (Zero based)
 Heap Region Size: 4M
 Heap Min Capacity: 8M
 Heap Initial Capacity: 504M
 Heap Max Capacity: 8008M
 Pre-touch: Disabled
 Parallel Workers: 13
 Concurrent Workers: 3
 Concurrent Refinement Workers: 13
 Periodic GC: Disabled
Heap:
 garbage-first heap   total reserved 8200192K, committed 81920K, used 38435K [0x000000060b800000, 0x0000000800000000)
  region size 4096K, 7 young (28672K), 2 survivors (8192K)
 Metaspace       used 59250K, committed 59712K, reserved 1114112K
  class space    used 6647K, committed 6848K, reserved 1048576K
GC Heap History (14 events):
Event: 0,419 GC heap before
{Heap before GC invocations=0 (full 0):
 garbage-first heap   total reserved 8200192K, committed 520192K, used 46181K [0x000000060b800000, 0x0000000800000000)
  region size 4096K, 12 young (49152K), 0 survivors (0K)
 Metaspace       used 9944K, committed 10176K, reserved 1114112K
  class space    used 931K, committed 1024K, reserved 1048576K
}
Event: 0,424 GC heap after
{Heap after GC invocations=1 (full 0):
 garbage-first heap   total reserved 8200192K, committed 520192K, used 7247K [0x000000060b800000, 0x0000000800000000)
  region size 4096K, 2 young (8192K), 2 survivors (8192K)
 Metaspace       used 9944K, committed 10176K, reserved 1114112K
  class space    used 931K, committed 1024K, reserved 1048576K
}
Event: 2,356 GC heap before
{Heap before GC invocations=1 (full 0):
 garbage-first heap   total reserved 8200192K, committed 520192K, used 52303K [0x000000060b800000, 0x0000000800000000)
  region size 4096K, 15 young (61440K), 2 survivors (8192K)
 Metaspace       used 21187K, committed 21504K, reserved 1114112K
  class space    used 2348K, committed 2496K, reserved 1048576K
}
Event: 2,363 GC heap after
{Heap after GC invocations=2 (full 0):
 garbage-first heap   total reserved 8200192K, committed 520192K, used 14266K [0x000000060b800000, 0x0000000800000000)
  region size 4096K, 4 young (16384K), 4 survivors (16384K)
 Metaspace       used 21187K, committed 21504K, reserved 1114112K
  class space    used 2348K, committed 2496K, reserved 1048576K
}
Event: 2,892 GC heap before
{Heap before GC invocations=3 (full 0):
 garbage-first heap   total reserved 8200192K, committed 69632K, used 55226K [0x000000060b800000, 0x0000000800000000)
  region size 4096K, 15 young (61440K), 4 survivors (16384K)
 Metaspace       used 35827K, committed 36096K, reserved 1114112K
  class space    used 3860K, committed 3968K, reserved 1048576K
}
Event: 2,898 GC heap after
{Heap after GC invocations=4 (full 0):
 garbage-first heap   total reserved 8200192K, committed 86016K, used 18059K [0x000000060b800000, 0x0000000800000000)
  region size 4096K, 5 young (20480K), 5 survivors (20480K)
 Metaspace       used 35827K, committed 36096K, reserved 1114112K
  class space    used 3860K, committed 3968K, reserved 1048576K
}
Event: 2,908 GC heap before
{Heap before GC invocations=4 (full 0):
 garbage-first heap   total reserved 8200192K, committed 86016K, used 18059K [0x000000060b800000, 0x0000000800000000)
  region size 4096K, 6 young (24576K), 5 survivors (20480K)
 Metaspace       used 36078K, committed 36416K, reserved 1114112K
  class space    used 3879K, committed 4032K, reserved 1048576K
}
Event: 2,914 GC heap after
{Heap after GC invocations=5 (full 0):
 garbage-first heap   total reserved 8200192K, committed 86016K, used 18093K [0x000000060b800000, 0x0000000800000000)
  region size 4096K, 2 young (8192K), 2 survivors (8192K)
 Metaspace       used 36078K, committed 36416K, reserved 1114112K
  class space    used 3879K, committed 4032K, reserved 1048576K
}
Event: 2,926 GC heap before
{Heap before GC invocations=5 (full 0):
 garbage-first heap   total reserved 8200192K, committed 86016K, used 18093K [0x000000060b800000, 0x0000000800000000)
  region size 4096K, 3 young (12288K), 2 survivors (8192K)
 Metaspace       used 36417K, committed 36736K, reserved 1114112K
  class space    used 3897K, committed 4032K, reserved 1048576K
}
Event: 2,928 GC heap after
{Heap after GC invocations=6 (full 0):
 garbage-first heap   total reserved 8200192K, committed 86016K, used 17689K [0x000000060b800000, 0x0000000800000000)
  region size 4096K, 2 young (8192K), 2 survivors (8192K)
 Metaspace       used 36417K, committed 36736K, reserved 1114112K
  class space    used 3897K, committed 4032K, reserved 1048576K
}
Event: 3,386 GC heap before
{Heap before GC invocations=7 (full 0):
 garbage-first heap   total reserved 8200192K, committed 81920K, used 58649K [0x000000060b800000, 0x0000000800000000)
  region size 4096K, 12 young (49152K), 2 survivors (8192K)
 Metaspace       used 49548K, committed 49984K, reserved 1114112K
  class space    used 5360K, committed 5568K, reserved 1048576K
}
Event: 3,388 GC heap after
{Heap after GC invocations=8 (full 0):
 garbage-first heap   total reserved 8200192K, committed 81920K, used 19732K [0x000000060b800000, 0x0000000800000000)
  region size 4096K, 2 young (8192K), 2 survivors (8192K)
 Metaspace       used 49548K, committed 49984K, reserved 1114112K
  class space    used 5360K, committed 5568K, reserved 1048576K
}
Event: 3,737 GC heap before
{Heap before GC invocations=8 (full 0):
 garbage-first heap   total reserved 8200192K, committed 81920K, used 56596K [0x000000060b800000, 0x0000000800000000)
  region size 4096K, 11 young (45056K), 2 survivors (8192K)
 Metaspace       used 57818K, committed 58304K, reserved 1114112K
  class space    used 6608K, committed 6848K, reserved 1048576K
}
Event: 3,740 GC heap after
{Heap after GC invocations=9 (full 0):
 garbage-first heap   total reserved 8200192K, committed 81920K, used 22051K [0x000000060b800000, 0x0000000800000000)
  region size 4096K, 2 young (8192K), 2 survivors (8192K)
 Metaspace       used 57818K, committed 58304K, reserved 1114112K
  class space    used 6608K, committed 6848K, reserved 1048576K
}

