# JRE version: OpenJDK Runtime Environment (24.0.1+9) (build 24.0.1+9-30)
# Java VM: OpenJDK 64-Bit Server VM (24.0.1+9-30, mixed mode, sharing, tiered, compressed oops, compressed class ptrs, g1 gc, linux-amd64)
GC Precious Log:
 CardTable entry size: 512
 Card Set container configuration: InlinePtr #cards 4 size 8 Array Of Cards #cards 32 size 80 Howl #buckets 8 coarsen threshold 7372 Howl Bitmap #cards 1024 size 144 coarsen threshold 921 Card regions per heap region 1 cards per card region 8192
 CPUs: 16 total, 16 available
 Memory: 32016M
 Large Page Support: Disabled
 NUMA Support: Disabled
 Compressed Oops: Enabled (Zero based)
 Heap Region Size: 4M
 Heap Min Capacity: 8M
 Heap Initial Capacity: 504M
 Heap Max Capacity: 8008M
 Pre-touch: Disabled
 Parallel Workers: 13
 Concurrent Workers: 3
 Concurrent Refinement Workers: 13
 Periodic GC: Disabled
Heap:
 garbage-first heap   total reserved 8200192K, committed 81920K, used 46573K [0x000000060b800000, 0x0000000800000000)
  region size 4096K, 9 young (36864K), 2 survivors (8192K)
 Metaspace       used 59742K, committed 60096K, reserved 1114112K
  class space    used 6640K, committed 6784K, reserved 1048576K
GC Heap History (14 events):
Event: 0,483 GC heap before
{Heap before GC invocations=0 (full 0):
 garbage-first heap   total reserved 8200192K, committed 520192K, used 46181K [0x000000060b800000, 0x0000000800000000)
  region size 4096K, 12 young (49152K), 0 survivors (0K)
 Metaspace       used 12078K, committed 12288K, reserved 1114112K
  class space    used 1130K, committed 1216K, reserved 1048576K
}
Event: 0,488 GC heap after
{Heap after GC invocations=1 (full 0):
 garbage-first heap   total reserved 8200192K, committed 520192K, used 7785K [0x000000060b800000, 0x0000000800000000)
  region size 4096K, 2 young (8192K), 2 survivors (8192K)
 Metaspace       used 12078K, committed 12288K, reserved 1114112K
  class space    used 1130K, committed 1216K, reserved 1048576K
}
Event: 1,916 GC heap before
{Heap before GC invocations=1 (full 0):
 garbage-first heap   total reserved 8200192K, committed 520192K, used 52841K [0x000000060b800000, 0x0000000800000000)
  region size 4096K, 14 young (57344K), 2 survivors (8192K)
 Metaspace       used 21190K, committed 21504K, reserved 1114112K
  class space    used 2346K, committed 2496K, reserved 1048576K
}
Event: 1,923 GC heap after
{Heap after GC invocations=2 (full 0):
 garbage-first heap   total reserved 8200192K, committed 520192K, used 14107K [0x000000060b800000, 0x0000000800000000)
  region size 4096K, 4 young (16384K), 4 survivors (16384K)
 Metaspace       used 21190K, committed 21504K, reserved 1114112K
  class space    used 2346K, committed 2496K, reserved 1048576K
}
Event: 2,456 GC heap before
{Heap before GC invocations=3 (full 0):
 garbage-first heap   total reserved 8200192K, committed 69632K, used 55067K [0x000000060b800000, 0x0000000800000000)
  region size 4096K, 15 young (61440K), 4 survivors (16384K)
 Metaspace       used 35662K, committed 35968K, reserved 1114112K
  class space    used 3855K, committed 3968K, reserved 1048576K
}
Event: 2,464 GC heap after
{Heap after GC invocations=4 (full 0):
 garbage-first heap   total reserved 8200192K, committed 86016K, used 18099K [0x000000060b800000, 0x0000000800000000)
  region size 4096K, 5 young (20480K), 5 survivors (20480K)
 Metaspace       used 35662K, committed 35968K, reserved 1114112K
  class space    used 3855K, committed 3968K, reserved 1048576K
}
Event: 2,476 GC heap before
{Heap before GC invocations=4 (full 0):
 garbage-first heap   total reserved 8200192K, committed 86016K, used 18099K [0x000000060b800000, 0x0000000800000000)
  region size 4096K, 6 young (24576K), 5 survivors (20480K)
 Metaspace       used 35970K, committed 36288K, reserved 1114112K
  class space    used 3878K, committed 3968K, reserved 1048576K
}
Event: 2,482 GC heap after
{Heap after GC invocations=5 (full 0):
 garbage-first heap   total reserved 8200192K, committed 86016K, used 18585K [0x000000060b800000, 0x0000000800000000)
  region size 4096K, 2 young (8192K), 2 survivors (8192K)
 Metaspace       used 35970K, committed 36288K, reserved 1114112K
  class space    used 3878K, committed 3968K, reserved 1048576K
}
Event: 2,496 GC heap before
{Heap before GC invocations=5 (full 0):
 garbage-first heap   total reserved 8200192K, committed 86016K, used 18585K [0x000000060b800000, 0x0000000800000000)
  region size 4096K, 3 young (12288K), 2 survivors (8192K)
 Metaspace       used 36335K, committed 36608K, reserved 1114112K
  class space    used 3903K, committed 4032K, reserved 1048576K
}
Event: 2,498 GC heap after
{Heap after GC invocations=6 (full 0):
 garbage-first heap   total reserved 8200192K, committed 86016K, used 17887K [0x000000060b800000, 0x0000000800000000)
  region size 4096K, 2 young (8192K), 2 survivors (8192K)
 Metaspace       used 36335K, committed 36608K, reserved 1114112K
  class space    used 3903K, committed 4032K, reserved 1048576K
}
Event: 2,934 GC heap before
{Heap before GC invocations=7 (full 0):
 garbage-first heap   total reserved 8200192K, committed 81920K, used 54751K [0x000000060b800000, 0x0000000800000000)
  region size 4096K, 11 young (45056K), 2 survivors (8192K)
 Metaspace       used 48390K, committed 48768K, reserved 1114112K
  class space    used 5215K, committed 5376K, reserved 1048576K
}
Event: 2,936 GC heap after
{Heap after GC invocations=8 (full 0):
 garbage-first heap   total reserved 8200192K, committed 81920K, used 19350K [0x000000060b800000, 0x0000000800000000)
  region size 4096K, 2 young (8192K), 2 survivors (8192K)
 Metaspace       used 48390K, committed 48768K, reserved 1114112K
  class space    used 5215K, committed 5376K, reserved 1048576K
}
Event: 3,299 GC heap before
{Heap before GC invocations=8 (full 0):
 garbage-first heap   total reserved 8200192K, committed 81920K, used 56214K [0x000000060b800000, 0x0000000800000000)
  region size 4096K, 11 young (45056K), 2 survivors (8192K)
 Metaspace       used 57496K, committed 57920K, reserved 1114112K
  class space    used 6523K, committed 6720K, reserved 1048576K
}
Event: 3,302 GC heap after
{Heap after GC invocations=9 (full 0):
 garbage-first heap   total reserved 8200192K, committed 81920K, used 21997K [0x000000060b800000, 0x0000000800000000)
  region size 4096K, 2 young (8192K), 2 survivors (8192K)
 Metaspace       used 57496K, committed 57920K, reserved 1114112K
  class space    used 6523K, committed 6720K, reserved 1048576K
}

